<?xml version="1.0" encoding="UTF-8"?>
<!-- Generated by org.testng.reporters.JUnitReportReporter -->
<testsuite skipped="0" hostname="MY-PC" name="Search.TestSerchPage" tests="1" failures="0" timestamp="03 Feb 2018 06:32:55 GMT" time="46.007" errors="0">
  <testcase name="serchItemTest" time="46.007" classname="Search.TestSerchPage"/>
</testsuite> <!-- Search.TestSerchPage -->
