<?xml version="1.0" encoding="UTF-8"?>
<!-- Generated by org.testng.reporters.JUnitReportReporter -->
<testsuite skipped="0" hostname="MY-PC" name="Home.TestSearchMenu" tests="1" failures="0" timestamp="03 Feb 2018 06:32:55 GMT" time="34.568" errors="0">
  <testcase name="test1" time="34.568" classname="Home.TestSearchMenu"/>
</testsuite> <!-- Home.TestSearchMenu -->
