<?xml version="1.0" encoding="UTF-8"?>
<!-- Generated by org.testng.reporters.JUnitReportReporter -->
<testsuite skipped="0" hostname="MY-PC" name="Search.TestSearchPage" tests="1" failures="0" timestamp="08 Feb 2018 00:25:25 GMT" time="69.723" errors="0">
  <testcase name="searchItemsTest" time="69.723" classname="Search.TestSearchPage"/>
</testsuite> <!-- Search.TestSearchPage -->
