<?xml version="1.0" encoding="UTF-8"?>
<!-- Generated by org.testng.reporters.JUnitReportReporter -->
<testsuite skipped="0" hostname="MY-PC" name="TestMySql.TestMySqlCode" tests="1" failures="0" timestamp="14 Feb 2018 05:24:42 GMT" time="33.285" errors="0">
  <testcase name="MysqlTest01" time="33.285" classname="TestMySql.TestMySqlCode"/>
</testsuite> <!-- TestMySql.TestMySqlCode -->
