<?xml version="1.0" encoding="UTF-8"?>
<!-- Generated by org.testng.reporters.JUnitReportReporter -->
<testsuite skipped="0" hostname="MY-PC" name="Search.TestSerchPage" tests="1" failures="0" timestamp="03 Feb 2018 07:33:13 GMT" time="42.876" errors="0">
  <testcase name="serchItemTest" time="42.876" classname="Search.TestSerchPage"/>
</testsuite> <!-- Search.TestSerchPage -->
