<?xml version="1.0" encoding="UTF-8"?>
<!-- Generated by org.testng.reporters.JUnitReportReporter -->
<testsuite skipped="0" hostname="MY-PC" name="TestGoogleSheet.TestGoogleSheetsPage" tests="1" failures="0" timestamp="12 Feb 2018 20:33:29 GMT" time="63.135" errors="0">
  <testcase name="Test101" time="63.135" classname="TestGoogleSheet.TestGoogleSheetsPage"/>
</testsuite> <!-- TestGoogleSheet.TestGoogleSheetsPage -->
