<?xml version="1.0" encoding="UTF-8"?>
<!-- Generated by org.testng.reporters.JUnitReportReporter -->
<testsuite skipped="0" hostname="MY-PC" name="TestSearch.TestSearchPage" tests="1" failures="0" timestamp="11 Feb 2018 18:29:13 GMT" time="71.428" errors="0">
  <testcase name="searchItemsTest" time="71.428" classname="TestSearch.TestSearchPage"/>
</testsuite> <!-- TestSearch.TestSearchPage -->
